<?xml version="1.0" encoding="UTF-8"?>
<testsuites name="Northstar Validation TS 1" time="354.472" tests="2" failures="0" errors="0">
   <testsuite name="Northstar Validation TS 1" tests="2" failures="0" errors="0" time="354.472" skipped="0" timestamp="2026-03-29T23:39:35.832Z" hostname="kevin.jackey - 192.168.1.222" id="Test Suites/Northstar Validation TS 1">
      <properties>
[...]
</properties>
      <testcase name="Test Cases/Android/03-Events/Open and Validate Event SMC-28257" time="170.526" classname="Test Cases/Android/03-Events/Open and Validate Event SMC-28257" status="PASSED">
         <system-out><![CDATA[29-03-2026T19:39:35 - [TEST_CASE][PASSED] - Test Cases/Android/03-Events/Open and Validate Event SMC-28257: Test Cases/Android/03-Events/Open and Validate Event SMC-28257

29-03-2026T19:39:36 - [TEST_STEP][PASSED] - comment("TC PURPOSE: Open Reservation-SMC-28257 from Event Catalogue and validate key details are displayed"): TC PURPOSE: Open Reservation-SMC-28257 from Event Catalogue and validate key details are displayed

29-03-2026T19:39:36 - [MESSAGE][INFO] - TC PURPOSE: Open Reservation-SMC-28257 from Event Catalogue and validate key details are displayed

29-03-2026T19:39:36 - [TEST_STEP][PASSED] - comment("STEP 0: Verify app session is running and user is on Event Catalogue (magnifying glass visible)"): STEP 0: Verify app session is running and user is on Event Catalogue (magnifying glass visible)

29-03-2026T19:39:36 - [MESSAGE][INFO] - STEP 0: Verify app session is running and user is on Event Catalogue (magnifying glass visible)

29-03-2026T19:39:36 - [TEST_STEP][PASSED] - logInfo("STEP 0: Verify app session is running and user is on Event Catalogue (magnifying glass visible)"): STEP 0: Verify app session is running and user is on Event Catalogue (magnifying glass visible)

29-03-2026T19:39:36 - [MESSAGE][INFO] - STEP 0: Verify app session is running and user is on Event Catalogue (magnifying glass visible)

29-03-2026T19:39:36 - [TEST_STEP][PASSED] - applicationrunning = CommonFunctions.isApplicationRunning(): [CommonFunctions] No driver available at this point. Reason: No application is started yet.

29-03-2026T19:39:36 - [MESSAGE][INFO] - [CommonFunctions] Device Check 

29-03-2026T19:39:36 - [MESSAGE][INFO] - [CommonFunctions][STEP 1] Attempt to get current Appium session & capabilities

29-03-2026T19:39:36 - [MESSAGE][INFO] - [CommonFunctions] No driver available at this point. Reason: No application is started yet.

29-03-2026T19:39:36 - [TEST_STEP][PASSED] - if (!(applicationrunning)): Call Test Case 'Test Cases/Android/02-Events Catalogue/NavigateToEventCatalogue' successfully

29-03-2026T19:39:36 - [TEST_STEP][PASSED] - comment("STEP 0.1: Application instance not found -> Navigate to Event Catalogue (login/init flow)"): STEP 0.1: Application instance not found -> Navigate to Event Catalogue (login/init flow)

29-03-2026T19:39:36 - [MESSAGE][INFO] - STEP 0.1: Application instance not found -> Navigate to Event Catalogue (login/init flow)

29-03-2026T19:39:36 - [TEST_STEP][PASSED] - logInfo("STEP 0.1: Application instance not found. Navigating to Event Catalogue (login/init flow)."): STEP 0.1: Application instance not found. Navigating to Event Catalogue (login/init flow).

29-03-2026T19:39:36 - [MESSAGE][INFO] - STEP 0.1: Application instance not found. Navigating to Event Catalogue (login/init flow).

29-03-2026T19:39:36 - [TEST_STEP][PASSED] - callTestCase(findTestCase("Android/02-Events Catalogue/NavigateToEventCatalogue"), [:], STOP_ON_FAILURE): Call Test Case 'Test Cases/Android/02-Events Catalogue/NavigateToEventCatalogue' successfully

29-03-2026T19:39:36 - [TEST_CASE][PASSED] - Test Cases/Android/02-Events Catalogue/NavigateToEventCatalogue: Test Cases/Android/02-Events Catalogue/NavigateToEventCatalogue

29-03-2026T19:39:36 - [TEST_STEP][PASSED] - logInfo("STEP 0: Verify Dock Menu is visible (used as login indicator)"): STEP 0: Verify Dock Menu is visible (used as login indicator)

29-03-2026T19:39:36 - [MESSAGE][INFO] - STEP 0: Verify Dock Menu is visible (used as login indicator)

29-03-2026T19:39:36 - [TEST_STEP][PASSED] - applicationrunning = CommonFunctions.isApplicationRunning(): [CommonFunctions] No driver available at this point. Reason: No application is started yet.

29-03-2026T19:39:36 - [MESSAGE][INFO] - [CommonFunctions] Device Check 

29-03-2026T19:39:36 - [MESSAGE][INFO] - [CommonFunctions][STEP 1] Attempt to get current Appium session & capabilities

29-03-2026T19:39:36 - [MESSAGE][INFO] - [CommonFunctions] No driver available at this point. Reason: No application is started yet.

29-03-2026T19:39:36 - [TEST_STEP][PASSED] - if (!(applicationrunning)): Call Test Case 'Test Cases/Android/01-Login/Login Member' successfully

29-03-2026T19:39:36 - [TEST_STEP][PASSED] - logInfo(" Application instance not found. Executing Login Member test case"):  Application instance not found. Executing Login Member test case

29-03-2026T19:39:36 - [MESSAGE][INFO] -  Application instance not found. Executing Login Member test case

29-03-2026T19:39:36 - [TEST_STEP][PASSED] - callTestCase(findTestCase("Android/01-Login/Login Member"), [:], STOP_ON_FAILURE): Call Test Case 'Test Cases/Android/01-Login/Login Member' successfully

29-03-2026T19:39:36 - [TEST_CASE][PASSED] - Test Cases/Android/01-Login/Login Member: Test Cases/Android/01-Login/Login Member

29-03-2026T19:39:36 - [TEST_STEP][PASSED] - logInfo("STEP 0: Set Android driver preferences (platform-specific)"): STEP 0: Set Android driver preferences (platform-specific)

29-03-2026T19:39:36 - [MESSAGE][INFO] - STEP 0: Set Android driver preferences (platform-specific)

29-03-2026T19:39:36 - [TEST_STEP][PASSED] - AndroidOnly.setDriverPreferences_Android(): Applying mobile caps from Global Variables: ignoreHiddenApiPolicyError=true, PlatformName=Android, AutomationName=uiautomator2, AutoGrantPermissions=true, DontStopAppOnReset=false, AdbExecTimeout=200000, AndroidInstallTimeout=200000, Uiautomator2ServerLaunchTimeout=200000, NewCommandTimeout=300, AppWaitDuration=60000, app=D:\APK\ClubNow-Android.apk, Uiautomator2ServerInstallTimeout=200000enableNetwork=falseenableAppProfiling=false

29-03-2026T19:39:36 - [MESSAGE][INFO] - Applying mobile caps from Global Variables: ignoreHiddenApiPolicyError=true, PlatformName=Android, AutomationName=uiautomator2, AutoGrantPermissions=true, DontStopAppOnReset=false, AdbExecTimeout=200000, AndroidInstallTimeout=200000, Uiautomator2ServerLaunchTimeout=200000, NewCommandTimeout=300, AppWaitDuration=60000, app=D:\APK\ClubNow-Android.apk, Uiautomator2ServerInstallTimeout=200000enableNetwork=falseenableAppProfiling=false

29-03-2026T19:39:36 - [TEST_STEP][PASSED] - startApplication(appPath, true): Started application: '7f6739f8-16fa-4e6f-8df2-03064494749e'

29-03-2026T19:39:36 - [MESSAGE][INFO] - Overriding application: 'D:\APK\ClubNow-Android.apk' by '7f6739f8-16fa-4e6f-8df2-03064494749e'

29-03-2026T19:39:36 - [MESSAGE][INFO] - Override application info: '{"id":"7f6739f8-16fa-4e6f-8df2-03064494749e","organizationId":"3288056","name":"ClubNow 3.0","platform":"ANDROID","status":"READY","size":25370953,"storagePath":"be88be85-0c36-420a-a26c-9312ec50a6f2","uploadedDate":"2026-03-25T15:10:15.620697","createdDate":"2026-03-25T15:10:15.620697","updatedDate":"2026-03-25T15:10:19.088786","fileName":"CN30.apk","metadata":{"identifier":"com.sibisoft.clubnowautomation","name":"ClubNow 3.0","version":"1.0.1"}}'

29-03-2026T19:39:36 - [MESSAGE][INFO] - Starting application: '7f6739f8-16fa-4e6f-8df2-03064494749e'

29-03-2026T19:39:53 - [MESSAGE][WARNING] - Unable to get appium status. Root cause (com.google.gson.stream.MalformedJsonException: Use JsonReader.setStrictness(Strictness.LENIENT) to accept malformed JSON at line 1 column 10 path $
See https://github.com/google/gson/blob/main/Troubleshooting.md#malformed-json)

29-03-2026T19:39:53 - [MESSAGE][PASSED] - Started application: '7f6739f8-16fa-4e6f-8df2-03064494749e'

29-03-2026T19:39:53 - [TEST_STEP][PASSED] - delay(25): Delayed 25 second(s)

29-03-2026T19:40:18 - [MESSAGE][PASSED] - Delayed 25 second(s)

29-03-2026T19:40:18 - [TEST_STEP][PASSED] - logInfo("STEP 1: Tap "Continue to Login""): STEP 1: Tap "Continue to Login"

29-03-2026T19:40:18 - [MESSAGE][INFO] - STEP 1: Tap "Continue to Login"

29-03-2026T19:40:18 - [TEST_STEP][PASSED] - CommonFunctions.safeTap("Continue to Login Button", findTestObject("Object Repository/Android/01-Login/android.widget.Button - Continue to Login"), 30): Tapped on element 'Object Repository/Android/01-Login/android.widget.Button - Continue to Login'

29-03-2026T19:40:18 - [MESSAGE][INFO] - [CommonFunctions][safeTap] Attempting to tap element 'Continue to Login Button'

29-03-2026T19:40:18 - [MESSAGE][INFO] - In safeTap retry loop, iteration: 1, object timeout: 30

29-03-2026T19:40:21 - [MESSAGE][PASSED] - Element 'Object Repository/Android/01-Login/android.widget.Button - Continue to Login' is present

29-03-2026T19:40:21 - [MESSAGE][INFO] - Element found on attempt 1, proceeding to tap

29-03-2026T19:40:23 - [MESSAGE][PASSED] - Tapped on element 'Object Repository/Android/01-Login/android.widget.Button - Continue to Login'

29-03-2026T19:40:24 - [TEST_STEP][PASSED] - logInfo("STEP 2: Enter Member Number"): STEP 2: Enter Member Number

29-03-2026T19:40:24 - [MESSAGE][INFO] - STEP 2: Enter Member Number

29-03-2026T19:40:24 - [TEST_STEP][PASSED] - CommonFunctions.safeSendKeys("Enter User ID", findTestObject("Object Repository/Android/01-Login/android.widget.member_number"), loginUsername): Keyboard is hidden

29-03-2026T19:40:24 - [MESSAGE][INFO] - [CommonFunctions][safeSendKeys] Attempting to send keys to element 'Enter User ID' with value '0001'

29-03-2026T19:40:24 - [MESSAGE][INFO] - In safeSendKeys retry loop, iteration: 1, object timeout: 10

29-03-2026T19:40:25 - [MESSAGE][PASSED] - Element 'Object Repository/Android/01-Login/android.widget.member_number' is present

29-03-2026T19:40:25 - [MESSAGE][INFO] - Element found on attempt 1, proceeding to tap and send keys

29-03-2026T19:40:26 - [MESSAGE][PASSED] - Tapped on element 'Object Repository/Android/01-Login/android.widget.member_number'

29-03-2026T19:40:28 - [MESSAGE][PASSED] - Send keys '0001' on test object 'Object Repository/Android/01-Login/android.widget.member_number' successfully.

29-03-2026T19:40:35 - [MESSAGE][PASSED] - Keyboard is hidden

29-03-2026T19:40:35 - [TEST_STEP][PASSED] - logInfo("STEP 3: Enter Password"): STEP 3: Enter Password

29-03-2026T19:40:35 - [MESSAGE][INFO] - STEP 3: Enter Password

29-03-2026T19:40:35 - [TEST_STEP][PASSED] - CommonFunctions.safeSendKeys("Enter Password", findTestObject("Object Repository/Android/01-Login/android.widget.member_password"), loginPassword): Keyboard is hidden

29-03-2026T19:40:35 - [MESSAGE][INFO] - [CommonFunctions][safeSendKeys] Attempting to send keys to element 'Enter Password' with value '123456'

29-03-2026T19:40:35 - [MESSAGE][INFO] - In safeSendKeys retry loop, iteration: 1, object timeout: 10

29-03-2026T19:40:36 - [MESSAGE][PASSED] - Element 'Object Repository/Android/01-Login/android.widget.member_password' is present

29-03-2026T19:40:36 - [MESSAGE][INFO] - Element found on attempt 1, proceeding to tap and send keys

29-03-2026T19:40:38 - [MESSAGE][PASSED] - Tapped on element 'Object Repository/Android/01-Login/android.widget.member_password'

29-03-2026T19:40:39 - [MESSAGE][PASSED] - Send keys '123456' on test object 'Object Repository/Android/01-Login/android.widget.member_password' successfully.

29-03-2026T19:40:43 - [MESSAGE][PASSED] - Keyboard is hidden

29-03-2026T19:40:43 - [TEST_STEP][PASSED] - logInfo("STEP 4: Tap "Sign In""): STEP 4: Tap "Sign In"

29-03-2026T19:40:43 - [MESSAGE][INFO] - STEP 4: Tap "Sign In"

29-03-2026T19:40:43 - [TEST_STEP][PASSED] - CommonFunctions.safeTap("Signin Button", findTestObject("Object Repository/Android/01-Login/android.widget.Button - Sign In")): Tapped on element 'Object Repository/Android/01-Login/android.widget.Button - Sign In'

29-03-2026T19:40:43 - [MESSAGE][INFO] - [CommonFunctions][safeTap] Attempting to tap element 'Signin Button'

29-03-2026T19:40:43 - [MESSAGE][INFO] - In safeTap retry loop, iteration: 1, object timeout: 10

29-03-2026T19:40:44 - [MESSAGE][PASSED] - Element 'Object Repository/Android/01-Login/android.widget.Button - Sign In' is present

29-03-2026T19:40:44 - [MESSAGE][INFO] - Element found on attempt 1, proceeding to tap

29-03-2026T19:40:46 - [MESSAGE][PASSED] - Tapped on element 'Object Repository/Android/01-Login/android.widget.Button - Sign In'

29-03-2026T19:40:46 - [TEST_STEP][PASSED] - logInfo(STEP 5: Handle permission popups if autoGrantPermissions = $GlobalVariable.autoGrantPermissions): STEP 5: Handle permission popups if autoGrantPermissions = true

29-03-2026T19:40:46 - [MESSAGE][INFO] - STEP 5: Handle permission popups if autoGrantPermissions = true

29-03-2026T19:40:46 - [TEST_STEP][PASSED] - if (autoGrantPermissions == false): null

29-03-2026T19:40:46 - [TEST_STEP][PASSED] - delay(5): Delayed 5 second(s)

29-03-2026T19:40:51 - [MESSAGE][PASSED] - Delayed 5 second(s)

29-03-2026T19:40:51 - [MESSAGE][PASSED] - Call Test Case 'Test Cases/Android/01-Login/Login Member' successfully

29-03-2026T19:40:51 - [TEST_STEP][PASSED] - logInfo("STEP 1: Tap Dock Menu button"): STEP 1: Tap Dock Menu button

29-03-2026T19:40:51 - [MESSAGE][INFO] - STEP 1: Tap Dock Menu button

29-03-2026T19:40:51 - [TEST_STEP][PASSED] - CommonFunctions.safeTap("Dock Menu Button", findTestObject("Android/02-Dock Menu/android.widget.ImageView - Dock Menu Button"), 60): Tapped on element 'Object Repository/Android/02-Dock Menu/android.widget.ImageView - Dock Menu Button'

29-03-2026T19:40:51 - [MESSAGE][INFO] - [CommonFunctions][safeTap] Attempting to tap element 'Dock Menu Button'

29-03-2026T19:40:51 - [MESSAGE][INFO] - In safeTap retry loop, iteration: 1, object timeout: 60

29-03-2026T19:41:05 - [MESSAGE][PASSED] - Element 'Object Repository/Android/02-Dock Menu/android.widget.ImageView - Dock Menu Button' is present

29-03-2026T19:41:05 - [MESSAGE][INFO] - Element found on attempt 1, proceeding to tap

29-03-2026T19:41:09 - [MESSAGE][PASSED] - Tapped on element 'Object Repository/Android/02-Dock Menu/android.widget.ImageView - Dock Menu Button'

29-03-2026T19:41:09 - [TEST_STEP][PASSED] - logInfo("STEP 2: Wait for Dock Menu to load"): STEP 2: Wait for Dock Menu to load

29-03-2026T19:41:09 - [MESSAGE][INFO] - STEP 2: Wait for Dock Menu to load

29-03-2026T19:41:09 - [TEST_STEP][PASSED] - delay(5): Delayed 5 second(s)

29-03-2026T19:41:14 - [MESSAGE][PASSED] - Delayed 5 second(s)

29-03-2026T19:41:14 - [TEST_STEP][PASSED] - logInfo("STEP 3: Tap Menu Search Field"): STEP 3: Tap Menu Search Field

29-03-2026T19:41:14 - [MESSAGE][INFO] - STEP 3: Tap Menu Search Field

29-03-2026T19:41:14 - [TEST_STEP][PASSED] - CommonFunctions.safeTap("Tap Menu Search Field", findTestObject("Android/02-Dock Menu/android.widget.EditText  - Menu Search Field"), 60): Keyboard is hidden

29-03-2026T19:41:14 - [MESSAGE][INFO] - [CommonFunctions][safeTap] Attempting to tap element 'Tap Menu Search Field'

29-03-2026T19:41:14 - [MESSAGE][INFO] - In safeTap retry loop, iteration: 1, object timeout: 60

29-03-2026T19:41:16 - [MESSAGE][PASSED] - Element 'Object Repository/Android/02-Dock Menu/android.widget.EditText  - Menu Search Field' is present

29-03-2026T19:41:16 - [MESSAGE][INFO] - Element found on attempt 1, proceeding to tap

29-03-2026T19:41:18 - [MESSAGE][PASSED] - Tapped on element 'Object Repository/Android/02-Dock Menu/android.widget.EditText  - Menu Search Field'

29-03-2026T19:41:22 - [MESSAGE][PASSED] - Keyboard is hidden

29-03-2026T19:41:22 - [TEST_STEP][PASSED] - delay(5): Delayed 5 second(s)

29-03-2026T19:41:27 - [MESSAGE][PASSED] - Delayed 5 second(s)

29-03-2026T19:41:27 - [TEST_STEP][PASSED] - logInfo("STEP 4: Type "Events Catalogue" into Menu Search Field"): STEP 4: Type "Events Catalogue" into Menu Search Field

29-03-2026T19:41:27 - [MESSAGE][INFO] - STEP 4: Type "Events Catalogue" into Menu Search Field

29-03-2026T19:41:27 - [TEST_STEP][PASSED] - CommonFunctions.safeSendKeys("Type into Menu Search Field", findTestObject("Android/02-Dock Menu/android.widget.EditText  - Menu Search Field"), "Events Catalogue", 10): Keyboard is hidden

29-03-2026T19:41:27 - [MESSAGE][INFO] - [CommonFunctions][safeSendKeys] Attempting to send keys to element 'Type into Menu Search Field' with value 'Events Catalogue'

29-03-2026T19:41:27 - [MESSAGE][INFO] - In safeSendKeys retry loop, iteration: 1, object timeout: 10

29-03-2026T19:41:28 - [MESSAGE][PASSED] - Element 'Object Repository/Android/02-Dock Menu/android.widget.EditText  - Menu Search Field' is present

29-03-2026T19:41:28 - [MESSAGE][INFO] - Element found on attempt 1, proceeding to tap and send keys

29-03-2026T19:41:30 - [MESSAGE][PASSED] - Tapped on element 'Object Repository/Android/02-Dock Menu/android.widget.EditText  - Menu Search Field'

29-03-2026T19:41:32 - [MESSAGE][PASSED] - Send keys 'Events Catalogue' on test object 'Object Repository/Android/02-Dock Menu/android.widget.EditText  - Menu Search Field' successfully.

29-03-2026T19:41:36 - [MESSAGE][PASSED] - Keyboard is hidden

29-03-2026T19:41:36 - [TEST_STEP][PASSED] - logInfo("STEP 5: Hide keyboard (if displayed)"): STEP 5: Hide keyboard (if displayed)

29-03-2026T19:41:36 - [MESSAGE][INFO] - STEP 5: Hide keyboard (if displayed)

29-03-2026T19:41:36 - [TEST_STEP][PASSED] - hideKeyboard(): null

29-03-2026T19:41:36 - [TEST_STEP][PASSED] - logInfo("STEP 6: Tap "Events Catalogue" menu item"): STEP 6: Tap "Events Catalogue" menu item

29-03-2026T19:41:36 - [MESSAGE][INFO] - STEP 6: Tap "Events Catalogue" menu item

29-03-2026T19:41:36 - [TEST_STEP][PASSED] - CommonFunctions.safeTap("Events Catalogue Element", findTestObject("Android/02-Dock Menu/android.widget.Button - Events Catalogue"), 10): Tapped on element 'Object Repository/Android/02-Dock Menu/android.widget.Button - Events Catalogue'

29-03-2026T19:41:36 - [MESSAGE][INFO] - [CommonFunctions][safeTap] Attempting to tap element 'Events Catalogue Element'

29-03-2026T19:41:36 - [MESSAGE][INFO] - In safeTap retry loop, iteration: 1, object timeout: 10

29-03-2026T19:41:37 - [MESSAGE][PASSED] - Element 'Object Repository/Android/02-Dock Menu/android.widget.Button - Events Catalogue' is present

29-03-2026T19:41:37 - [MESSAGE][INFO] - Element found on attempt 1, proceeding to tap

29-03-2026T19:41:39 - [MESSAGE][PASSED] - Tapped on element 'Object Repository/Android/02-Dock Menu/android.widget.Button - Events Catalogue'

29-03-2026T19:41:40 - [TEST_STEP][PASSED] - delay(10): Delayed 10 second(s)

29-03-2026T19:41:50 - [MESSAGE][PASSED] - Delayed 10 second(s)

29-03-2026T19:41:50 - [MESSAGE][PASSED] - Call Test Case 'Test Cases/Android/02-Events Catalogue/NavigateToEventCatalogue' successfully

29-03-2026T19:41:50 - [TEST_STEP][PASSED] - reservationID = "Reservation-SMC-28257": null

29-03-2026T19:41:50 - [TEST_STEP][PASSED] - comment(STEP 1: Search and open event/reservation '$reservationID'): STEP 1: Search and open event/reservation 'Reservation-SMC-28257'

29-03-2026T19:41:50 - [MESSAGE][INFO] - STEP 1: Search and open event/reservation 'Reservation-SMC-28257'

29-03-2026T19:41:50 - [TEST_STEP][PASSED] - logInfo(STEP 1: Search and open event/reservation '$reservationID'): STEP 1: Search and open event/reservation 'Reservation-SMC-28257'

29-03-2026T19:41:50 - [MESSAGE][INFO] - STEP 1: Search and open event/reservation 'Reservation-SMC-28257'

29-03-2026T19:41:50 - [TEST_STEP][PASSED] - AndroidOnly.selectDesiredReservation(reservationID): Delayed 5 second(s)

29-03-2026T19:41:50 - [MESSAGE][INFO] - STEP 1: Tap magnifying glass to open Event search

29-03-2026T19:41:50 - [MESSAGE][INFO] - [CommonFunctions][safeTap] Attempting to tap element 'Magnifying Glass Button'

29-03-2026T19:41:50 - [MESSAGE][INFO] - In safeTap retry loop, iteration: 1, object timeout: 60

29-03-2026T19:41:51 - [MESSAGE][PASSED] - Element 'Object Repository/Android/03-Events Catalogue/android.widget.Button - magnifying glass' is present

29-03-2026T19:41:51 - [MESSAGE][INFO] - Element found on attempt 1, proceeding to tap

29-03-2026T19:41:52 - [MESSAGE][PASSED] - Tapped on element 'Object Repository/Android/03-Events Catalogue/android.widget.Button - magnifying glass'

29-03-2026T19:41:56 - [MESSAGE][PASSED] - Keyboard is hidden

29-03-2026T19:41:56 - [MESSAGE][INFO] - STEP 2: Tap Search Events input field

29-03-2026T19:41:56 - [MESSAGE][INFO] - [CommonFunctions][safeTap] Attempting to tap element 'Tap Search Events Field'

29-03-2026T19:41:56 - [MESSAGE][INFO] - In safeTap retry loop, iteration: 1, object timeout: 10

29-03-2026T19:41:57 - [MESSAGE][PASSED] - Element 'Object Repository/Android/03-Events Catalogue/android.widget.EditText - Search Events List' is present

29-03-2026T19:41:57 - [MESSAGE][INFO] - Element found on attempt 1, proceeding to tap

29-03-2026T19:41:59 - [MESSAGE][PASSED] - Tapped on element 'Object Repository/Android/03-Events Catalogue/android.widget.EditText - Search Events List'

29-03-2026T19:42:03 - [MESSAGE][PASSED] - Keyboard is hidden

29-03-2026T19:42:03 - [MESSAGE][INFO] - STEP 3: Enter search text: Reservation-SMC-28257

29-03-2026T19:42:03 - [MESSAGE][INFO] - [CommonFunctions][safeSendKeys] Attempting to send keys to element 'Populate Search Event Field' with value 'Reservation-SMC-28257'

29-03-2026T19:42:03 - [MESSAGE][INFO] - In safeSendKeys retry loop, iteration: 1, object timeout: 10

29-03-2026T19:42:04 - [MESSAGE][PASSED] - Element 'Object Repository/Android/03-Events Catalogue/android.widget.EditText - Search Events List' is present

29-03-2026T19:42:04 - [MESSAGE][INFO] - Element found on attempt 1, proceeding to tap and send keys

29-03-2026T19:42:06 - [MESSAGE][PASSED] - Tapped on element 'Object Repository/Android/03-Events Catalogue/android.widget.EditText - Search Events List'

29-03-2026T19:42:07 - [MESSAGE][PASSED] - Send keys 'Reservation-SMC-28257' on test object 'Object Repository/Android/03-Events Catalogue/android.widget.EditText - Search Events List' successfully.

29-03-2026T19:42:07 - [MESSAGE][INFO] - STEP 5: Select event from results: Reservation-SMC-28257

29-03-2026T19:42:07 - [MESSAGE][INFO] - [CommonFunctions][safeTap] Attempting to tap element 'Tap First Event'

29-03-2026T19:42:07 - [MESSAGE][INFO] - In safeTap retry loop, iteration: 1, object timeout: 10

29-03-2026T19:42:09 - [MESSAGE][PASSED] - Element 'Object Repository/Android/03-Events Catalogue/android.widget.button - Click Reservation Search Result' is present

29-03-2026T19:42:09 - [MESSAGE][INFO] - Element found on attempt 1, proceeding to tap

29-03-2026T19:42:11 - [MESSAGE][PASSED] - Tapped on element 'Object Repository/Android/03-Events Catalogue/android.widget.button - Click Reservation Search Result'

29-03-2026T19:42:16 - [MESSAGE][PASSED] - Delayed 5 second(s)

29-03-2026T19:42:16 - [TEST_STEP][PASSED] - comment("STEP 2: Verify Event Number is displayed"): STEP 2: Verify Event Number is displayed

29-03-2026T19:42:16 - [MESSAGE][INFO] - STEP 2: Verify Event Number is displayed

29-03-2026T19:42:16 - [TEST_STEP][PASSED] - logInfo("STEP 2: Verify Event Number is displayed"): STEP 2: Verify Event Number is displayed

29-03-2026T19:42:16 - [MESSAGE][INFO] - STEP 2: Verify Event Number is displayed

29-03-2026T19:42:16 - [TEST_STEP][PASSED] - verifyElementExist(findTestObject("Object Repository/Android/03-Events Catalogue/Event SMC-28257/android.widget.TextView - Event Number"), 10, CONTINUE_ON_FAILURE): Element 'Object Repository/Android/03-Events Catalogue/Event SMC-28257/android.widget.TextView - Event Number' is exist

29-03-2026T19:42:17 - [MESSAGE][PASSED] - Element 'Object Repository/Android/03-Events Catalogue/Event SMC-28257/android.widget.TextView - Event Number' is exist

29-03-2026T19:42:17 - [TEST_STEP][PASSED] - comment("STEP 3: Verify Participant Count is displayed"): STEP 3: Verify Participant Count is displayed

29-03-2026T19:42:17 - [MESSAGE][INFO] - STEP 3: Verify Participant Count is displayed

29-03-2026T19:42:17 - [TEST_STEP][PASSED] - logInfo("STEP 3: Verify Participant Count is displayed"): STEP 3: Verify Participant Count is displayed

29-03-2026T19:42:17 - [MESSAGE][INFO] - STEP 3: Verify Participant Count is displayed

29-03-2026T19:42:17 - [TEST_STEP][PASSED] - verifyElementExist(findTestObject("Object Repository/Android/03-Events Catalogue/Event SMC-28257/android.widget.TextView - Participant Count"), 10, CONTINUE_ON_FAILURE): Element 'Object Repository/Android/03-Events Catalogue/Event SMC-28257/android.widget.TextView - Participant Count' is exist

29-03-2026T19:42:19 - [MESSAGE][PASSED] - Element 'Object Repository/Android/03-Events Catalogue/Event SMC-28257/android.widget.TextView - Participant Count' is exist

29-03-2026T19:42:19 - [TEST_STEP][PASSED] - comment("STEP 4: Verify Event Status is displayed"): STEP 4: Verify Event Status is displayed

29-03-2026T19:42:19 - [MESSAGE][INFO] - STEP 4: Verify Event Status is displayed

29-03-2026T19:42:19 - [TEST_STEP][PASSED] - logInfo("STEP 4: Verify Event Status is displayed"): STEP 4: Verify Event Status is displayed

29-03-2026T19:42:19 - [MESSAGE][INFO] - STEP 4: Verify Event Status is displayed

29-03-2026T19:42:19 - [TEST_STEP][PASSED] - verifyElementExist(findTestObject("Object Repository/Android/03-Events Catalogue/Event SMC-28257/android.widget.TextView - Event Status"), 10, CONTINUE_ON_FAILURE): Element 'Object Repository/Android/03-Events Catalogue/Event SMC-28257/android.widget.TextView - Event Status' is exist

29-03-2026T19:42:20 - [MESSAGE][PASSED] - Element 'Object Repository/Android/03-Events Catalogue/Event SMC-28257/android.widget.TextView - Event Status' is exist

29-03-2026T19:42:20 - [TEST_STEP][PASSED] - comment("STEP 5: Verify Event Date is displayed"): STEP 5: Verify Event Date is displayed

29-03-2026T19:42:20 - [MESSAGE][INFO] - STEP 5: Verify Event Date is displayed

29-03-2026T19:42:20 - [TEST_STEP][PASSED] - logInfo("STEP 5: Verify Event Date is displayed"): STEP 5: Verify Event Date is displayed

29-03-2026T19:42:20 - [MESSAGE][INFO] - STEP 5: Verify Event Date is displayed

29-03-2026T19:42:20 - [TEST_STEP][PASSED] - verifyElementExist(findTestObject("Object Repository/Android/03-Events Catalogue/Event SMC-28257/android.widget.TextView - Event Date"), 10, CONTINUE_ON_FAILURE): Element 'Object Repository/Android/03-Events Catalogue/Event SMC-28257/android.widget.TextView - Event Date' is exist

29-03-2026T19:42:21 - [MESSAGE][PASSED] - Element 'Object Repository/Android/03-Events Catalogue/Event SMC-28257/android.widget.TextView - Event Date' is exist

29-03-2026T19:42:21 - [TEST_STEP][PASSED] - comment("STEP 6: Verify View details button is displayed"): STEP 6: Verify View details button is displayed

29-03-2026T19:42:21 - [MESSAGE][INFO] - STEP 6: Verify View details button is displayed

29-03-2026T19:42:21 - [TEST_STEP][PASSED] - logInfo("STEP 6: Verify View details button is displayed"): STEP 6: Verify View details button is displayed

29-03-2026T19:42:21 - [MESSAGE][INFO] - STEP 6: Verify View details button is displayed

29-03-2026T19:42:21 - [TEST_STEP][PASSED] - verifyElementExist(findTestObject("Object Repository/Android/03-Events Catalogue/Event SMC-28257/android.widget.Button - View Details"), 10, CONTINUE_ON_FAILURE): Element 'Object Repository/Android/03-Events Catalogue/Event SMC-28257/android.widget.Button - View Details' is exist

29-03-2026T19:42:22 - [MESSAGE][PASSED] - Element 'Object Repository/Android/03-Events Catalogue/Event SMC-28257/android.widget.Button - View Details' is exist

29-03-2026T19:42:22 - [TEST_STEP][PASSED] - comment("STEP 7: Verify Event Time is displayed"): STEP 7: Verify Event Time is displayed

29-03-2026T19:42:22 - [MESSAGE][INFO] - STEP 7: Verify Event Time is displayed

29-03-2026T19:42:22 - [TEST_STEP][PASSED] - logInfo("STEP 7: Verify Event Time is displayed"): STEP 7: Verify Event Time is displayed

29-03-2026T19:42:22 - [MESSAGE][INFO] - STEP 7: Verify Event Time is displayed

29-03-2026T19:42:22 - [TEST_STEP][PASSED] - verifyElementExist(findTestObject("Object Repository/Android/03-Events Catalogue/Event SMC-28257/android.widget.TextView - Event Time"), 10, CONTINUE_ON_FAILURE): Element 'Object Repository/Android/03-Events Catalogue/Event SMC-28257/android.widget.TextView - Event Time' is exist

29-03-2026T19:42:24 - [MESSAGE][PASSED] - Element 'Object Repository/Android/03-Events Catalogue/Event SMC-28257/android.widget.TextView - Event Time' is exist

29-03-2026T19:42:24 - [TEST_STEP][PASSED] - comment("STEP 8: Verify Event Location is displayed"): STEP 8: Verify Event Location is displayed

29-03-2026T19:42:24 - [MESSAGE][INFO] - STEP 8: Verify Event Location is displayed

29-03-2026T19:42:24 - [TEST_STEP][PASSED] - logInfo("STEP 8: Verify Event Location is displayed"): STEP 8: Verify Event Location is displayed

29-03-2026T19:42:24 - [MESSAGE][INFO] - STEP 8: Verify Event Location is displayed

29-03-2026T19:42:24 - [TEST_STEP][PASSED] - verifyElementExist(findTestObject("Object Repository/Android/03-Events Catalogue/Event SMC-28257/android.widget.TextView - Event Location"), 10, CONTINUE_ON_FAILURE): Element 'Object Repository/Android/03-Events Catalogue/Event SMC-28257/android.widget.TextView - Event Location' is exist

29-03-2026T19:42:25 - [MESSAGE][PASSED] - Element 'Object Repository/Android/03-Events Catalogue/Event SMC-28257/android.widget.TextView - Event Location' is exist

29-03-2026T19:42:25 - [TEST_STEP][PASSED] - comment("END: Open Event SMC-28257 validations completed"): END: Open Event SMC-28257 validations completed

29-03-2026T19:42:25 - [MESSAGE][INFO] - END: Open Event SMC-28257 validations completed

29-03-2026T19:42:25 - [TEST_STEP][PASSED] - logInfo("END: Open Event SMC-28257 validations completed"): END: Open Event SMC-28257 validations completed

29-03-2026T19:42:25 - [MESSAGE][INFO] - END: Open Event SMC-28257 validations completed

29-03-2026T19:42:25 - [TEST_STEP][PASSED] - Start listener action : afterTestCase: Close app successfully

29-03-2026T19:42:25 - [TEST_STEP][PASSED] - logInfo([Listener] AFTER TEST CASE: $testCaseContext.getTestCaseId() | status=$testCaseContext.getTestCaseStatus()): [Listener] AFTER TEST CASE: Test Cases/Android/03-Events/Open and Validate Event SMC-28257 | status=PASSED

29-03-2026T19:42:25 - [MESSAGE][INFO] - [Listener] AFTER TEST CASE: Test Cases/Android/03-Events/Open and Validate Event SMC-28257 | status=PASSED

29-03-2026T19:42:25 - [TEST_STEP][PASSED] - logInfo("[Listener][OPTIONAL] Closing application after test case"): [Listener][OPTIONAL] Closing application after test case

29-03-2026T19:42:25 - [MESSAGE][INFO] - [Listener][OPTIONAL] Closing application after test case

29-03-2026T19:42:25 - [TEST_STEP][PASSED] - closeApplication(OPTIONAL): Close app successfully

29-03-2026T19:42:26 - [MESSAGE][PASSED] - Close app successfully]]></system-out>
         <system-err><![CDATA[]]></system-err>
      </testcase>
      <testcase name="Test Cases/Android/03-Events/Open and Validate Event SMC-30950" time="183.815" classname="Test Cases/Android/03-Events/Open and Validate Event SMC-30950" status="PASSED">
         <system-out><![CDATA[29-03-2026T19:42:26 - [TEST_CASE][PASSED] - Test Cases/Android/03-Events/Open and Validate Event SMC-30950: Test Cases/Android/03-Events/Open and Validate Event SMC-30950

29-03-2026T19:42:26 - [TEST_STEP][PASSED] - comment("TC PURPOSE: Open Reservation-SMC-30950 from Event Catalogue and validate key details are displayed"): TC PURPOSE: Open Reservation-SMC-30950 from Event Catalogue and validate key details are displayed

29-03-2026T19:42:26 - [MESSAGE][INFO] - TC PURPOSE: Open Reservation-SMC-30950 from Event Catalogue and validate key details are displayed

29-03-2026T19:42:26 - [TEST_STEP][PASSED] - comment("STEP 0: Verify app session is running and user is on Event Catalogue (magnifying glass visible)"): STEP 0: Verify app session is running and user is on Event Catalogue (magnifying glass visible)

29-03-2026T19:42:26 - [MESSAGE][INFO] - STEP 0: Verify app session is running and user is on Event Catalogue (magnifying glass visible)

29-03-2026T19:42:26 - [TEST_STEP][PASSED] - logInfo("STEP 0: Verify app session is running and user is on Event Catalogue (magnifying glass visible)"): STEP 0: Verify app session is running and user is on Event Catalogue (magnifying glass visible)

29-03-2026T19:42:26 - [MESSAGE][INFO] - STEP 0: Verify app session is running and user is on Event Catalogue (magnifying glass visible)

29-03-2026T19:42:26 - [TEST_STEP][PASSED] - applicationrunning = CommonFunctions.isApplicationRunning(): [CommonFunctions] No driver available at this point. Reason: No application is started yet.

29-03-2026T19:42:26 - [MESSAGE][INFO] - [CommonFunctions] Device Check 

29-03-2026T19:42:26 - [MESSAGE][INFO] - [CommonFunctions][STEP 1] Attempt to get current Appium session & capabilities

29-03-2026T19:42:26 - [MESSAGE][INFO] - [CommonFunctions] No driver available at this point. Reason: No application is started yet.

29-03-2026T19:42:26 - [TEST_STEP][PASSED] - if (!(applicationrunning)): Call Test Case 'Test Cases/Android/02-Events Catalogue/NavigateToEventCatalogue' successfully

29-03-2026T19:42:26 - [TEST_STEP][PASSED] - comment("STEP 0.1: Application instance not found -> Navigate to Event Catalogue (login/init flow)"): STEP 0.1: Application instance not found -> Navigate to Event Catalogue (login/init flow)

29-03-2026T19:42:26 - [MESSAGE][INFO] - STEP 0.1: Application instance not found -> Navigate to Event Catalogue (login/init flow)

29-03-2026T19:42:26 - [TEST_STEP][PASSED] - logInfo("STEP 0.1: Application instance not found. Navigating to Event Catalogue (login/init flow)."): STEP 0.1: Application instance not found. Navigating to Event Catalogue (login/init flow).

29-03-2026T19:42:26 - [MESSAGE][INFO] - STEP 0.1: Application instance not found. Navigating to Event Catalogue (login/init flow).

29-03-2026T19:42:26 - [TEST_STEP][PASSED] - callTestCase(findTestCase("Android/02-Events Catalogue/NavigateToEventCatalogue"), [:], STOP_ON_FAILURE): Call Test Case 'Test Cases/Android/02-Events Catalogue/NavigateToEventCatalogue' successfully

29-03-2026T19:42:26 - [TEST_CASE][PASSED] - Test Cases/Android/02-Events Catalogue/NavigateToEventCatalogue: Test Cases/Android/02-Events Catalogue/NavigateToEventCatalogue

29-03-2026T19:42:26 - [TEST_STEP][PASSED] - logInfo("STEP 0: Verify Dock Menu is visible (used as login indicator)"): STEP 0: Verify Dock Menu is visible (used as login indicator)

29-03-2026T19:42:26 - [MESSAGE][INFO] - STEP 0: Verify Dock Menu is visible (used as login indicator)

29-03-2026T19:42:26 - [TEST_STEP][PASSED] - applicationrunning = CommonFunctions.isApplicationRunning(): [CommonFunctions] No driver available at this point. Reason: No application is started yet.

29-03-2026T19:42:26 - [MESSAGE][INFO] - [CommonFunctions] Device Check 

29-03-2026T19:42:26 - [MESSAGE][INFO] - [CommonFunctions][STEP 1] Attempt to get current Appium session & capabilities

29-03-2026T19:42:26 - [MESSAGE][INFO] - [CommonFunctions] No driver available at this point. Reason: No application is started yet.

29-03-2026T19:42:26 - [TEST_STEP][PASSED] - if (!(applicationrunning)): Call Test Case 'Test Cases/Android/01-Login/Login Member' successfully

29-03-2026T19:42:26 - [TEST_STEP][PASSED] - logInfo(" Application instance not found. Executing Login Member test case"):  Application instance not found. Executing Login Member test case

29-03-2026T19:42:26 - [MESSAGE][INFO] -  Application instance not found. Executing Login Member test case

29-03-2026T19:42:26 - [TEST_STEP][PASSED] - callTestCase(findTestCase("Android/01-Login/Login Member"), [:], STOP_ON_FAILURE): Call Test Case 'Test Cases/Android/01-Login/Login Member' successfully

29-03-2026T19:42:26 - [TEST_CASE][PASSED] - Test Cases/Android/01-Login/Login Member: Test Cases/Android/01-Login/Login Member

29-03-2026T19:42:26 - [TEST_STEP][PASSED] - logInfo("STEP 0: Set Android driver preferences (platform-specific)"): STEP 0: Set Android driver preferences (platform-specific)

29-03-2026T19:42:26 - [MESSAGE][INFO] - STEP 0: Set Android driver preferences (platform-specific)

29-03-2026T19:42:26 - [TEST_STEP][PASSED] - AndroidOnly.setDriverPreferences_Android(): Applying mobile caps from Global Variables: ignoreHiddenApiPolicyError=true, PlatformName=Android, AutomationName=uiautomator2, AutoGrantPermissions=true, DontStopAppOnReset=false, AdbExecTimeout=200000, AndroidInstallTimeout=200000, Uiautomator2ServerLaunchTimeout=200000, NewCommandTimeout=300, AppWaitDuration=60000, app=D:\APK\ClubNow-Android.apk, Uiautomator2ServerInstallTimeout=200000enableNetwork=falseenableAppProfiling=false

29-03-2026T19:42:26 - [MESSAGE][INFO] - Applying mobile caps from Global Variables: ignoreHiddenApiPolicyError=true, PlatformName=Android, AutomationName=uiautomator2, AutoGrantPermissions=true, DontStopAppOnReset=false, AdbExecTimeout=200000, AndroidInstallTimeout=200000, Uiautomator2ServerLaunchTimeout=200000, NewCommandTimeout=300, AppWaitDuration=60000, app=D:\APK\ClubNow-Android.apk, Uiautomator2ServerInstallTimeout=200000enableNetwork=falseenableAppProfiling=false

29-03-2026T19:42:26 - [TEST_STEP][PASSED] - startApplication(appPath, true): Started application: '7f6739f8-16fa-4e6f-8df2-03064494749e'

29-03-2026T19:42:26 - [MESSAGE][INFO] - Overriding application: 'D:\APK\ClubNow-Android.apk' by '7f6739f8-16fa-4e6f-8df2-03064494749e'

29-03-2026T19:42:26 - [MESSAGE][INFO] - Override application info: '{"id":"7f6739f8-16fa-4e6f-8df2-03064494749e","organizationId":"3288056","name":"ClubNow 3.0","platform":"ANDROID","status":"READY","size":25370953,"storagePath":"be88be85-0c36-420a-a26c-9312ec50a6f2","uploadedDate":"2026-03-25T15:10:15.620697","createdDate":"2026-03-25T15:10:15.620697","updatedDate":"2026-03-25T15:10:19.088786","fileName":"CN30.apk","metadata":{"identifier":"com.sibisoft.clubnowautomation","name":"ClubNow 3.0","version":"1.0.1"}}'

29-03-2026T19:42:26 - [MESSAGE][INFO] - Starting application: '7f6739f8-16fa-4e6f-8df2-03064494749e'

29-03-2026T19:42:48 - [MESSAGE][WARNING] - Unable to get appium status. Root cause (com.google.gson.stream.MalformedJsonException: Use JsonReader.setStrictness(Strictness.LENIENT) to accept malformed JSON at line 1 column 10 path $
See https://github.com/google/gson/blob/main/Troubleshooting.md#malformed-json)

29-03-2026T19:42:48 - [MESSAGE][PASSED] - Started application: '7f6739f8-16fa-4e6f-8df2-03064494749e'

29-03-2026T19:42:48 - [TEST_STEP][PASSED] - delay(25): Delayed 25 second(s)

29-03-2026T19:43:13 - [MESSAGE][PASSED] - Delayed 25 second(s)

29-03-2026T19:43:13 - [TEST_STEP][PASSED] - logInfo("STEP 1: Tap "Continue to Login""): STEP 1: Tap "Continue to Login"

29-03-2026T19:43:13 - [MESSAGE][INFO] - STEP 1: Tap "Continue to Login"

29-03-2026T19:43:13 - [TEST_STEP][PASSED] - CommonFunctions.safeTap("Continue to Login Button", findTestObject("Object Repository/Android/01-Login/android.widget.Button - Continue to Login"), 30): Tapped on element 'Object Repository/Android/01-Login/android.widget.Button - Continue to Login'

29-03-2026T19:43:13 - [MESSAGE][INFO] - [CommonFunctions][safeTap] Attempting to tap element 'Continue to Login Button'

29-03-2026T19:43:13 - [MESSAGE][INFO] - In safeTap retry loop, iteration: 1, object timeout: 30

29-03-2026T19:43:16 - [MESSAGE][PASSED] - Element 'Object Repository/Android/01-Login/android.widget.Button - Continue to Login' is present

29-03-2026T19:43:16 - [MESSAGE][INFO] - Element found on attempt 1, proceeding to tap

29-03-2026T19:43:18 - [MESSAGE][PASSED] - Tapped on element 'Object Repository/Android/01-Login/android.widget.Button - Continue to Login'

29-03-2026T19:43:18 - [TEST_STEP][PASSED] - logInfo("STEP 2: Enter Member Number"): STEP 2: Enter Member Number

29-03-2026T19:43:18 - [MESSAGE][INFO] - STEP 2: Enter Member Number

29-03-2026T19:43:18 - [TEST_STEP][PASSED] - CommonFunctions.safeSendKeys("Enter User ID", findTestObject("Object Repository/Android/01-Login/android.widget.member_number"), loginUsername): Keyboard is hidden

29-03-2026T19:43:18 - [MESSAGE][INFO] - [CommonFunctions][safeSendKeys] Attempting to send keys to element 'Enter User ID' with value '0001'

29-03-2026T19:43:18 - [MESSAGE][INFO] - In safeSendKeys retry loop, iteration: 1, object timeout: 10

29-03-2026T19:43:20 - [MESSAGE][PASSED] - Element 'Object Repository/Android/01-Login/android.widget.member_number' is present

29-03-2026T19:43:20 - [MESSAGE][INFO] - Element found on attempt 1, proceeding to tap and send keys

29-03-2026T19:43:21 - [MESSAGE][PASSED] - Tapped on element 'Object Repository/Android/01-Login/android.widget.member_number'

29-03-2026T19:43:23 - [MESSAGE][PASSED] - Send keys '0001' on test object 'Object Repository/Android/01-Login/android.widget.member_number' successfully.

29-03-2026T19:43:26 - [MESSAGE][PASSED] - Keyboard is hidden

29-03-2026T19:43:26 - [TEST_STEP][PASSED] - logInfo("STEP 3: Enter Password"): STEP 3: Enter Password

29-03-2026T19:43:26 - [MESSAGE][INFO] - STEP 3: Enter Password

29-03-2026T19:43:26 - [TEST_STEP][PASSED] - CommonFunctions.safeSendKeys("Enter Password", findTestObject("Object Repository/Android/01-Login/android.widget.member_password"), loginPassword): Keyboard is hidden

29-03-2026T19:43:26 - [MESSAGE][INFO] - [CommonFunctions][safeSendKeys] Attempting to send keys to element 'Enter Password' with value '123456'

29-03-2026T19:43:26 - [MESSAGE][INFO] - In safeSendKeys retry loop, iteration: 1, object timeout: 10

29-03-2026T19:43:28 - [MESSAGE][PASSED] - Element 'Object Repository/Android/01-Login/android.widget.member_password' is present

29-03-2026T19:43:28 - [MESSAGE][INFO] - Element found on attempt 1, proceeding to tap and send keys

29-03-2026T19:43:29 - [MESSAGE][PASSED] - Tapped on element 'Object Repository/Android/01-Login/android.widget.member_password'

29-03-2026T19:43:31 - [MESSAGE][PASSED] - Send keys '123456' on test object 'Object Repository/Android/01-Login/android.widget.member_password' successfully.

29-03-2026T19:43:34 - [MESSAGE][PASSED] - Keyboard is hidden

29-03-2026T19:43:34 - [TEST_STEP][PASSED] - logInfo("STEP 4: Tap "Sign In""): STEP 4: Tap "Sign In"

29-03-2026T19:43:34 - [MESSAGE][INFO] - STEP 4: Tap "Sign In"

29-03-2026T19:43:34 - [TEST_STEP][PASSED] - CommonFunctions.safeTap("Signin Button", findTestObject("Object Repository/Android/01-Login/android.widget.Button - Sign In")): Tapped on element 'Object Repository/Android/01-Login/android.widget.Button - Sign In'

29-03-2026T19:43:34 - [MESSAGE][INFO] - [CommonFunctions][safeTap] Attempting to tap element 'Signin Button'

29-03-2026T19:43:34 - [MESSAGE][INFO] - In safeTap retry loop, iteration: 1, object timeout: 10

29-03-2026T19:43:36 - [MESSAGE][PASSED] - Element 'Object Repository/Android/01-Login/android.widget.Button - Sign In' is present

29-03-2026T19:43:36 - [MESSAGE][INFO] - Element found on attempt 1, proceeding to tap

29-03-2026T19:43:37 - [MESSAGE][PASSED] - Tapped on element 'Object Repository/Android/01-Login/android.widget.Button - Sign In'

29-03-2026T19:43:37 - [TEST_STEP][PASSED] - logInfo(STEP 5: Handle permission popups if autoGrantPermissions = $GlobalVariable.autoGrantPermissions): STEP 5: Handle permission popups if autoGrantPermissions = true

29-03-2026T19:43:37 - [MESSAGE][INFO] - STEP 5: Handle permission popups if autoGrantPermissions = true

29-03-2026T19:43:37 - [TEST_STEP][PASSED] - if (autoGrantPermissions == false): null

29-03-2026T19:43:38 - [TEST_STEP][PASSED] - delay(5): Delayed 5 second(s)

29-03-2026T19:43:43 - [MESSAGE][PASSED] - Delayed 5 second(s)

29-03-2026T19:43:43 - [MESSAGE][PASSED] - Call Test Case 'Test Cases/Android/01-Login/Login Member' successfully

29-03-2026T19:43:43 - [TEST_STEP][PASSED] - logInfo("STEP 1: Tap Dock Menu button"): STEP 1: Tap Dock Menu button

29-03-2026T19:43:43 - [MESSAGE][INFO] - STEP 1: Tap Dock Menu button

29-03-2026T19:43:43 - [TEST_STEP][PASSED] - CommonFunctions.safeTap("Dock Menu Button", findTestObject("Android/02-Dock Menu/android.widget.ImageView - Dock Menu Button"), 60): Tapped on element 'Object Repository/Android/02-Dock Menu/android.widget.ImageView - Dock Menu Button'

29-03-2026T19:43:43 - [MESSAGE][INFO] - [CommonFunctions][safeTap] Attempting to tap element 'Dock Menu Button'

29-03-2026T19:43:43 - [MESSAGE][INFO] - In safeTap retry loop, iteration: 1, object timeout: 60

29-03-2026T19:43:47 - [MESSAGE][PASSED] - Element 'Object Repository/Android/02-Dock Menu/android.widget.ImageView - Dock Menu Button' is present

29-03-2026T19:43:47 - [MESSAGE][INFO] - Element found on attempt 1, proceeding to tap

29-03-2026T19:43:51 - [MESSAGE][PASSED] - Tapped on element 'Object Repository/Android/02-Dock Menu/android.widget.ImageView - Dock Menu Button'

29-03-2026T19:43:51 - [TEST_STEP][PASSED] - logInfo("STEP 2: Wait for Dock Menu to load"): STEP 2: Wait for Dock Menu to load

29-03-2026T19:43:51 - [MESSAGE][INFO] - STEP 2: Wait for Dock Menu to load

29-03-2026T19:43:51 - [TEST_STEP][PASSED] - delay(5): Delayed 5 second(s)

29-03-2026T19:43:56 - [MESSAGE][PASSED] - Delayed 5 second(s)

29-03-2026T19:43:56 - [TEST_STEP][PASSED] - logInfo("STEP 3: Tap Menu Search Field"): STEP 3: Tap Menu Search Field

29-03-2026T19:43:56 - [MESSAGE][INFO] - STEP 3: Tap Menu Search Field

29-03-2026T19:43:56 - [TEST_STEP][PASSED] - CommonFunctions.safeTap("Tap Menu Search Field", findTestObject("Android/02-Dock Menu/android.widget.EditText  - Menu Search Field"), 60): Keyboard is hidden

29-03-2026T19:43:56 - [MESSAGE][INFO] - [CommonFunctions][safeTap] Attempting to tap element 'Tap Menu Search Field'

29-03-2026T19:43:56 - [MESSAGE][INFO] - In safeTap retry loop, iteration: 1, object timeout: 60

29-03-2026T19:43:57 - [MESSAGE][PASSED] - Element 'Object Repository/Android/02-Dock Menu/android.widget.EditText  - Menu Search Field' is present

29-03-2026T19:43:57 - [MESSAGE][INFO] - Element found on attempt 1, proceeding to tap

29-03-2026T19:44:00 - [MESSAGE][PASSED] - Tapped on element 'Object Repository/Android/02-Dock Menu/android.widget.EditText  - Menu Search Field'

29-03-2026T19:44:03 - [MESSAGE][PASSED] - Keyboard is hidden

29-03-2026T19:44:03 - [TEST_STEP][PASSED] - delay(5): Delayed 5 second(s)

29-03-2026T19:44:08 - [MESSAGE][PASSED] - Delayed 5 second(s)

29-03-2026T19:44:08 - [TEST_STEP][PASSED] - logInfo("STEP 4: Type "Events Catalogue" into Menu Search Field"): STEP 4: Type "Events Catalogue" into Menu Search Field

29-03-2026T19:44:08 - [MESSAGE][INFO] - STEP 4: Type "Events Catalogue" into Menu Search Field

29-03-2026T19:44:08 - [TEST_STEP][PASSED] - CommonFunctions.safeSendKeys("Type into Menu Search Field", findTestObject("Android/02-Dock Menu/android.widget.EditText  - Menu Search Field"), "Events Catalogue", 10): Keyboard is hidden

29-03-2026T19:44:08 - [MESSAGE][INFO] - [CommonFunctions][safeSendKeys] Attempting to send keys to element 'Type into Menu Search Field' with value 'Events Catalogue'

29-03-2026T19:44:08 - [MESSAGE][INFO] - In safeSendKeys retry loop, iteration: 1, object timeout: 10

29-03-2026T19:44:10 - [MESSAGE][PASSED] - Element 'Object Repository/Android/02-Dock Menu/android.widget.EditText  - Menu Search Field' is present

29-03-2026T19:44:10 - [MESSAGE][INFO] - Element found on attempt 1, proceeding to tap and send keys

29-03-2026T19:44:11 - [MESSAGE][PASSED] - Tapped on element 'Object Repository/Android/02-Dock Menu/android.widget.EditText  - Menu Search Field'

29-03-2026T19:44:13 - [MESSAGE][PASSED] - Send keys 'Events Catalogue' on test object 'Object Repository/Android/02-Dock Menu/android.widget.EditText  - Menu Search Field' successfully.

29-03-2026T19:44:17 - [MESSAGE][PASSED] - Keyboard is hidden

29-03-2026T19:44:17 - [TEST_STEP][PASSED] - logInfo("STEP 5: Hide keyboard (if displayed)"): STEP 5: Hide keyboard (if displayed)

29-03-2026T19:44:17 - [MESSAGE][INFO] - STEP 5: Hide keyboard (if displayed)

29-03-2026T19:44:17 - [TEST_STEP][PASSED] - hideKeyboard(): null

29-03-2026T19:44:17 - [TEST_STEP][PASSED] - logInfo("STEP 6: Tap "Events Catalogue" menu item"): STEP 6: Tap "Events Catalogue" menu item

29-03-2026T19:44:17 - [MESSAGE][INFO] - STEP 6: Tap "Events Catalogue" menu item

29-03-2026T19:44:17 - [TEST_STEP][PASSED] - CommonFunctions.safeTap("Events Catalogue Element", findTestObject("Android/02-Dock Menu/android.widget.Button - Events Catalogue"), 10): Tapped on element 'Object Repository/Android/02-Dock Menu/android.widget.Button - Events Catalogue'

29-03-2026T19:44:17 - [MESSAGE][INFO] - [CommonFunctions][safeTap] Attempting to tap element 'Events Catalogue Element'

29-03-2026T19:44:17 - [MESSAGE][INFO] - In safeTap retry loop, iteration: 1, object timeout: 10

29-03-2026T19:44:18 - [MESSAGE][PASSED] - Element 'Object Repository/Android/02-Dock Menu/android.widget.Button - Events Catalogue' is present

29-03-2026T19:44:18 - [MESSAGE][INFO] - Element found on attempt 1, proceeding to tap

29-03-2026T19:44:20 - [MESSAGE][PASSED] - Tapped on element 'Object Repository/Android/02-Dock Menu/android.widget.Button - Events Catalogue'

29-03-2026T19:44:21 - [TEST_STEP][PASSED] - delay(10): Delayed 10 second(s)

29-03-2026T19:44:31 - [MESSAGE][PASSED] - Delayed 10 second(s)

29-03-2026T19:44:31 - [MESSAGE][PASSED] - Call Test Case 'Test Cases/Android/02-Events Catalogue/NavigateToEventCatalogue' successfully

29-03-2026T19:44:31 - [TEST_STEP][PASSED] - reservationID = "Reservation-SMC-30950": null

29-03-2026T19:44:31 - [TEST_STEP][PASSED] - comment(STEP 1: Search and open event/reservation '$reservationID'): STEP 1: Search and open event/reservation 'Reservation-SMC-30950'

29-03-2026T19:44:31 - [MESSAGE][INFO] - STEP 1: Search and open event/reservation 'Reservation-SMC-30950'

29-03-2026T19:44:31 - [TEST_STEP][PASSED] - logInfo(STEP 1: Search and open event/reservation '$reservationID'): STEP 1: Search and open event/reservation 'Reservation-SMC-30950'

29-03-2026T19:44:31 - [MESSAGE][INFO] - STEP 1: Search and open event/reservation 'Reservation-SMC-30950'

29-03-2026T19:44:31 - [TEST_STEP][PASSED] - AndroidOnly.selectDesiredReservation(reservationID): Delayed 5 second(s)

29-03-2026T19:44:31 - [MESSAGE][INFO] - STEP 1: Tap magnifying glass to open Event search

29-03-2026T19:44:31 - [MESSAGE][INFO] - [CommonFunctions][safeTap] Attempting to tap element 'Magnifying Glass Button'

29-03-2026T19:44:31 - [MESSAGE][INFO] - In safeTap retry loop, iteration: 1, object timeout: 60

29-03-2026T19:44:32 - [MESSAGE][PASSED] - Element 'Object Repository/Android/03-Events Catalogue/android.widget.Button - magnifying glass' is present

29-03-2026T19:44:32 - [MESSAGE][INFO] - Element found on attempt 1, proceeding to tap

29-03-2026T19:44:34 - [MESSAGE][PASSED] - Tapped on element 'Object Repository/Android/03-Events Catalogue/android.widget.Button - magnifying glass'

29-03-2026T19:44:38 - [MESSAGE][PASSED] - Keyboard is hidden

29-03-2026T19:44:38 - [MESSAGE][INFO] - STEP 2: Tap Search Events input field

29-03-2026T19:44:38 - [MESSAGE][INFO] - [CommonFunctions][safeTap] Attempting to tap element 'Tap Search Events Field'

29-03-2026T19:44:38 - [MESSAGE][INFO] - In safeTap retry loop, iteration: 1, object timeout: 10

29-03-2026T19:44:39 - [MESSAGE][PASSED] - Element 'Object Repository/Android/03-Events Catalogue/android.widget.EditText - Search Events List' is present

29-03-2026T19:44:39 - [MESSAGE][INFO] - Element found on attempt 1, proceeding to tap

29-03-2026T19:44:41 - [MESSAGE][PASSED] - Tapped on element 'Object Repository/Android/03-Events Catalogue/android.widget.EditText - Search Events List'

29-03-2026T19:44:44 - [MESSAGE][PASSED] - Keyboard is hidden

29-03-2026T19:44:44 - [MESSAGE][INFO] - STEP 3: Enter search text: Reservation-SMC-30950

29-03-2026T19:44:44 - [MESSAGE][INFO] - [CommonFunctions][safeSendKeys] Attempting to send keys to element 'Populate Search Event Field' with value 'Reservation-SMC-30950'

29-03-2026T19:44:44 - [MESSAGE][INFO] - In safeSendKeys retry loop, iteration: 1, object timeout: 10

29-03-2026T19:44:46 - [MESSAGE][PASSED] - Element 'Object Repository/Android/03-Events Catalogue/android.widget.EditText - Search Events List' is present

29-03-2026T19:44:46 - [MESSAGE][INFO] - Element found on attempt 1, proceeding to tap and send keys

29-03-2026T19:44:47 - [MESSAGE][PASSED] - Tapped on element 'Object Repository/Android/03-Events Catalogue/android.widget.EditText - Search Events List'

29-03-2026T19:44:49 - [MESSAGE][PASSED] - Send keys 'Reservation-SMC-30950' on test object 'Object Repository/Android/03-Events Catalogue/android.widget.EditText - Search Events List' successfully.

29-03-2026T19:44:49 - [MESSAGE][INFO] - STEP 5: Select event from results: Reservation-SMC-30950

29-03-2026T19:44:49 - [MESSAGE][INFO] - [CommonFunctions][safeTap] Attempting to tap element 'Tap First Event'

29-03-2026T19:44:49 - [MESSAGE][INFO] - In safeTap retry loop, iteration: 1, object timeout: 10

29-03-2026T19:44:51 - [MESSAGE][PASSED] - Element 'Object Repository/Android/03-Events Catalogue/android.widget.button - Click Reservation Search Result' is present

29-03-2026T19:44:51 - [MESSAGE][INFO] - Element found on attempt 1, proceeding to tap

29-03-2026T19:44:52 - [MESSAGE][PASSED] - Tapped on element 'Object Repository/Android/03-Events Catalogue/android.widget.button - Click Reservation Search Result'

29-03-2026T19:44:53 - [MESSAGE][PASSED] - Keyboard is hidden

29-03-2026T19:44:58 - [MESSAGE][PASSED] - Delayed 5 second(s)

29-03-2026T19:44:58 - [TEST_STEP][PASSED] - comment("STEP 2: Tap Choose Days & Times"): STEP 2: Tap Choose Days & Times

29-03-2026T19:44:58 - [MESSAGE][INFO] - STEP 2: Tap Choose Days & Times

29-03-2026T19:44:58 - [TEST_STEP][PASSED] - logInfo("STEP 2: Tap Choose Days & Times"): STEP 2: Tap Choose Days & Times

29-03-2026T19:44:58 - [MESSAGE][INFO] - STEP 2: Tap Choose Days & Times

29-03-2026T19:44:58 - [TEST_STEP][PASSED] - CommonFunctions.safeTap("Choose Days and Times Button", findTestObject("Object Repository/Android/03-Events Catalogue/Event SMC-30950/android.widget.Button - Choose Days  Times"), 60): Tapped on element 'Object Repository/Android/03-Events Catalogue/Event SMC-30950/android.widget.Button - Choose Days  Times'

29-03-2026T19:44:58 - [MESSAGE][INFO] - [CommonFunctions][safeTap] Attempting to tap element 'Choose Days and Times Button'

29-03-2026T19:44:58 - [MESSAGE][INFO] - In safeTap retry loop, iteration: 1, object timeout: 60

29-03-2026T19:45:00 - [MESSAGE][PASSED] - Element 'Object Repository/Android/03-Events Catalogue/Event SMC-30950/android.widget.Button - Choose Days  Times' is present

29-03-2026T19:45:00 - [MESSAGE][INFO] - Element found on attempt 1, proceeding to tap

29-03-2026T19:45:01 - [MESSAGE][PASSED] - Tapped on element 'Object Repository/Android/03-Events Catalogue/Event SMC-30950/android.widget.Button - Choose Days  Times'

29-03-2026T19:45:02 - [TEST_STEP][PASSED] - comment("STEP 3: Tap Edit Days"): STEP 3: Tap Edit Days

29-03-2026T19:45:02 - [MESSAGE][INFO] - STEP 3: Tap Edit Days

29-03-2026T19:45:02 - [TEST_STEP][PASSED] - logInfo("STEP 3: Tap Edit Days"): STEP 3: Tap Edit Days

29-03-2026T19:45:02 - [MESSAGE][INFO] - STEP 3: Tap Edit Days

29-03-2026T19:45:02 - [TEST_STEP][PASSED] - CommonFunctions.safeTap("Edit Days Item", findTestObject("Object Repository/Android/03-Events Catalogue/Event SMC-30950/android.widget.TextView - Edit Days"), 60): Tapped on element 'Object Repository/Android/03-Events Catalogue/Event SMC-30950/android.widget.TextView - Edit Days'

29-03-2026T19:45:02 - [MESSAGE][INFO] - [CommonFunctions][safeTap] Attempting to tap element 'Edit Days Item'

29-03-2026T19:45:02 - [MESSAGE][INFO] - In safeTap retry loop, iteration: 1, object timeout: 60

29-03-2026T19:45:03 - [MESSAGE][PASSED] - Element 'Object Repository/Android/03-Events Catalogue/Event SMC-30950/android.widget.TextView - Edit Days' is present

29-03-2026T19:45:03 - [MESSAGE][INFO] - Element found on attempt 1, proceeding to tap

29-03-2026T19:45:05 - [MESSAGE][PASSED] - Tapped on element 'Object Repository/Android/03-Events Catalogue/Event SMC-30950/android.widget.TextView - Edit Days'

29-03-2026T19:45:05 - [TEST_STEP][PASSED] - comment("STEP 4: Select desired time/session from dropdown"): STEP 4: Select desired time/session from dropdown

29-03-2026T19:45:05 - [MESSAGE][INFO] - STEP 4: Select desired time/session from dropdown

29-03-2026T19:45:05 - [TEST_STEP][PASSED] - logInfo("STEP 4: Select desired time/session from dropdown"): STEP 4: Select desired time/session from dropdown

29-03-2026T19:45:05 - [MESSAGE][INFO] - STEP 4: Select desired time/session from dropdown

29-03-2026T19:45:05 - [TEST_STEP][PASSED] - CommonFunctions.safeTap("Select Desired Time Dropdown", findTestObject("Object Repository/Android/03-Events Catalogue/Event SMC-30950/android.view.View - Select Desired Time"), 10): Tapped on element 'Object Repository/Android/03-Events Catalogue/Event SMC-30950/android.view.View - Select Desired Time'

29-03-2026T19:45:05 - [MESSAGE][INFO] - [CommonFunctions][safeTap] Attempting to tap element 'Select Desired Time Dropdown'

29-03-2026T19:45:05 - [MESSAGE][INFO] - In safeTap retry loop, iteration: 1, object timeout: 10

29-03-2026T19:45:06 - [MESSAGE][PASSED] - Element 'Object Repository/Android/03-Events Catalogue/Event SMC-30950/android.view.View - Select Desired Time' is present

29-03-2026T19:45:06 - [MESSAGE][INFO] - Element found on attempt 1, proceeding to tap

29-03-2026T19:45:08 - [MESSAGE][PASSED] - Tapped on element 'Object Repository/Android/03-Events Catalogue/Event SMC-30950/android.view.View - Select Desired Time'

29-03-2026T19:45:08 - [TEST_STEP][PASSED] - comment(""): 

29-03-2026T19:45:08 - [MESSAGE][INFO] - 

29-03-2026T19:45:08 - [TEST_STEP][PASSED] - comment("STEP 5: Verify selection controls are disabled (Select All/Clear Selection) and day checkbox is not checkable"): STEP 5: Verify selection controls are disabled (Select All/Clear Selection) and day checkbox is not checkable

29-03-2026T19:45:08 - [MESSAGE][INFO] - STEP 5: Verify selection controls are disabled (Select All/Clear Selection) and day checkbox is not checkable

29-03-2026T19:45:08 - [TEST_STEP][PASSED] - logInfo("STEP 5: Verify selection controls are disabled (Select All/Clear Selection) and day checkbox is not checkable"): STEP 5: Verify selection controls are disabled (Select All/Clear Selection) and day checkbox is not checkable

29-03-2026T19:45:08 - [MESSAGE][INFO] - STEP 5: Verify selection controls are disabled (Select All/Clear Selection) and day checkbox is not checkable

29-03-2026T19:45:08 - [TEST_STEP][PASSED] - if (verifyElementExist(findTestObject("Object Repository/Android/03-Events Catalogue/Event SMC-30950/android.widget.Button - Select All"), 20, CONTINUE_ON_FAILURE) == true): null

29-03-2026T19:45:09 - [MESSAGE][PASSED] - Element 'Object Repository/Android/03-Events Catalogue/Event SMC-30950/android.widget.Button - Select All' is exist

29-03-2026T19:45:09 - [TEST_STEP][PASSED] - verifyElementAttributeValue(findTestObject("Object Repository/Android/03-Events Catalogue/Event SMC-30950/android.widget.Button - Select All"), "enabled", "false", 10): Object 'Object Repository/Android/03-Events Catalogue/Event SMC-30950/android.widget.Button - Select All' has attribute 'enabled' with value 'false'

29-03-2026T19:45:11 - [MESSAGE][PASSED] - Object 'Object Repository/Android/03-Events Catalogue/Event SMC-30950/android.widget.Button - Select All' has attribute 'enabled' with value 'false'

29-03-2026T19:45:11 - [TEST_STEP][PASSED] - if (verifyElementExist(findTestObject("Object Repository/Android/03-Events Catalogue/Event SMC-30950/android.widget.Button - Clear Selection"), 20, CONTINUE_ON_FAILURE) == true): null

29-03-2026T19:45:12 - [MESSAGE][PASSED] - Element 'Object Repository/Android/03-Events Catalogue/Event SMC-30950/android.widget.Button - Clear Selection' is exist

29-03-2026T19:45:12 - [TEST_STEP][PASSED] - verifyElementAttributeValue(findTestObject("Object Repository/Android/03-Events Catalogue/Event SMC-30950/android.widget.Button - Clear Selection"), "enabled", "false", 10): Object 'Object Repository/Android/03-Events Catalogue/Event SMC-30950/android.widget.Button - Clear Selection' has attribute 'enabled' with value 'false'

29-03-2026T19:45:14 - [MESSAGE][PASSED] - Object 'Object Repository/Android/03-Events Catalogue/Event SMC-30950/android.widget.Button - Clear Selection' has attribute 'enabled' with value 'false'

29-03-2026T19:45:14 - [TEST_STEP][PASSED] - if (verifyElementExist(findTestObject("Object Repository/Android/03-Events Catalogue/Event SMC-30950/android.widget.CheckBox - Day Selection Checkbox"), 20, CONTINUE_ON_FAILURE) == true): null

29-03-2026T19:45:15 - [MESSAGE][PASSED] - Element 'Object Repository/Android/03-Events Catalogue/Event SMC-30950/android.widget.CheckBox - Day Selection Checkbox' is exist

29-03-2026T19:45:15 - [TEST_STEP][PASSED] - verifyElementAttributeValue(findTestObject("Object Repository/Android/03-Events Catalogue/Event SMC-30950/android.widget.CheckBox - Day Selection Checkbox"), "checkable", "false", 10): Object 'Object Repository/Android/03-Events Catalogue/Event SMC-30950/android.widget.CheckBox - Day Selection Checkbox' has attribute 'checkable' with value 'false'

29-03-2026T19:45:16 - [MESSAGE][PASSED] - Object 'Object Repository/Android/03-Events Catalogue/Event SMC-30950/android.widget.CheckBox - Day Selection Checkbox' has attribute 'checkable' with value 'false'

29-03-2026T19:45:16 - [TEST_STEP][PASSED] - comment("STEP 6: Tap Confirm to apply day/time selection"): STEP 6: Tap Confirm to apply day/time selection

29-03-2026T19:45:16 - [MESSAGE][INFO] - STEP 6: Tap Confirm to apply day/time selection

29-03-2026T19:45:16 - [TEST_STEP][PASSED] - logInfo("STEP 6: Tap Confirm to apply day/time selection"): STEP 6: Tap Confirm to apply day/time selection

29-03-2026T19:45:16 - [MESSAGE][INFO] - STEP 6: Tap Confirm to apply day/time selection

29-03-2026T19:45:16 - [TEST_STEP][PASSED] - CommonFunctions.safeTap("Confirm Button", findTestObject("Object Repository/Android/03-Events Catalogue/Event SMC-30950/android.widget.Button - Confirm"), 10): Tapped on element 'Object Repository/Android/03-Events Catalogue/Event SMC-30950/android.widget.Button - Confirm'

29-03-2026T19:45:16 - [MESSAGE][INFO] - [CommonFunctions][safeTap] Attempting to tap element 'Confirm Button'

29-03-2026T19:45:16 - [MESSAGE][INFO] - In safeTap retry loop, iteration: 1, object timeout: 10

29-03-2026T19:45:18 - [MESSAGE][PASSED] - Element 'Object Repository/Android/03-Events Catalogue/Event SMC-30950/android.widget.Button - Confirm' is present

29-03-2026T19:45:18 - [MESSAGE][INFO] - Element found on attempt 1, proceeding to tap

29-03-2026T19:45:19 - [MESSAGE][PASSED] - Tapped on element 'Object Repository/Android/03-Events Catalogue/Event SMC-30950/android.widget.Button - Confirm'

29-03-2026T19:45:20 - [TEST_STEP][PASSED] - comment("STEP 7: Select attendee = Myself"): STEP 7: Select attendee = Myself

29-03-2026T19:45:20 - [MESSAGE][INFO] - STEP 7: Select attendee = Myself

29-03-2026T19:45:20 - [TEST_STEP][PASSED] - logInfo("STEP 7: Select attendee = Myself"): STEP 7: Select attendee = Myself

29-03-2026T19:45:20 - [MESSAGE][INFO] - STEP 7: Select attendee = Myself

29-03-2026T19:45:20 - [TEST_STEP][PASSED] - CommonFunctions.safeTap("Myself Button", findTestObject("Object Repository/Android/03-Events Catalogue/Event SMC-30950/android.widget.Button - Myself"), 20): Tapped on element 'Object Repository/Android/03-Events Catalogue/Event SMC-30950/android.widget.Button - Myself'

29-03-2026T19:45:20 - [MESSAGE][INFO] - [CommonFunctions][safeTap] Attempting to tap element 'Myself Button'

29-03-2026T19:45:20 - [MESSAGE][INFO] - In safeTap retry loop, iteration: 1, object timeout: 20

29-03-2026T19:45:21 - [MESSAGE][PASSED] - Element 'Object Repository/Android/03-Events Catalogue/Event SMC-30950/android.widget.Button - Myself' is present

29-03-2026T19:45:21 - [MESSAGE][INFO] - Element found on attempt 1, proceeding to tap

29-03-2026T19:45:22 - [MESSAGE][PASSED] - Tapped on element 'Object Repository/Android/03-Events Catalogue/Event SMC-30950/android.widget.Button - Myself'

29-03-2026T19:45:23 - [TEST_STEP][PASSED] - comment("STEP 8: Accept Waiver and Consent"): STEP 8: Accept Waiver and Consent

29-03-2026T19:45:23 - [MESSAGE][INFO] - STEP 8: Accept Waiver and Consent

29-03-2026T19:45:23 - [TEST_STEP][PASSED] - logInfo("STEP 8: Accept Waiver and Consent"): STEP 8: Accept Waiver and Consent

29-03-2026T19:45:23 - [MESSAGE][INFO] - STEP 8: Accept Waiver and Consent

29-03-2026T19:45:23 - [TEST_STEP][PASSED] - CommonFunctions.safeTap("Waiver and Consent Checkbox", findTestObject("Object Repository/Android/03-Events Catalogue/Event SMC-30950/android.widget.checkbox - Waiver and Consent"), 10): Tapped on element 'Object Repository/Android/03-Events Catalogue/Event SMC-30950/android.widget.checkbox - Waiver and Consent'

29-03-2026T19:45:23 - [MESSAGE][INFO] - [CommonFunctions][safeTap] Attempting to tap element 'Waiver and Consent Checkbox'

29-03-2026T19:45:23 - [MESSAGE][INFO] - In safeTap retry loop, iteration: 1, object timeout: 10

29-03-2026T19:45:24 - [MESSAGE][PASSED] - Element 'Object Repository/Android/03-Events Catalogue/Event SMC-30950/android.widget.checkbox - Waiver and Consent' is present

29-03-2026T19:45:24 - [MESSAGE][INFO] - Element found on attempt 1, proceeding to tap

29-03-2026T19:45:26 - [MESSAGE][PASSED] - Tapped on element 'Object Repository/Android/03-Events Catalogue/Event SMC-30950/android.widget.checkbox - Waiver and Consent'

29-03-2026T19:45:26 - [TEST_STEP][PASSED] - comment("STEP 9: Verify Create Reservation is clickable"): STEP 9: Verify Create Reservation is clickable

29-03-2026T19:45:26 - [MESSAGE][INFO] - STEP 9: Verify Create Reservation is clickable

29-03-2026T19:45:26 - [TEST_STEP][PASSED] - logInfo("STEP 9: Verify Create Reservation is clickable"): STEP 9: Verify Create Reservation is clickable

29-03-2026T19:45:26 - [MESSAGE][INFO] - STEP 9: Verify Create Reservation is clickable

29-03-2026T19:45:26 - [TEST_STEP][PASSED] - verifyElementExist(findTestObject("Object Repository/Android/03-Events Catalogue/Event SMC-30950/android.widget.Button - Create Reservation"), 10): Element 'Object Repository/Android/03-Events Catalogue/Event SMC-30950/android.widget.Button - Create Reservation' is exist

29-03-2026T19:45:27 - [MESSAGE][PASSED] - Element 'Object Repository/Android/03-Events Catalogue/Event SMC-30950/android.widget.Button - Create Reservation' is exist

29-03-2026T19:45:27 - [TEST_STEP][PASSED] - verifyElementAttributeValue(findTestObject("Object Repository/Android/03-Events Catalogue/Event SMC-30950/android.widget.Button - Create Reservation"), "clickable", "true", 10): Object 'Object Repository/Android/03-Events Catalogue/Event SMC-30950/android.widget.Button - Create Reservation' has attribute 'clickable' with value 'true'

29-03-2026T19:45:29 - [MESSAGE][PASSED] - Object 'Object Repository/Android/03-Events Catalogue/Event SMC-30950/android.widget.Button - Create Reservation' has attribute 'clickable' with value 'true'

29-03-2026T19:45:29 - [TEST_STEP][PASSED] - comment("END: Open Event SMC-30950 validations completed"): END: Open Event SMC-30950 validations completed

29-03-2026T19:45:29 - [MESSAGE][INFO] - END: Open Event SMC-30950 validations completed

29-03-2026T19:45:29 - [TEST_STEP][PASSED] - logInfo("END: Open Event SMC-30950 validations completed"): END: Open Event SMC-30950 validations completed

29-03-2026T19:45:29 - [MESSAGE][INFO] - END: Open Event SMC-30950 validations completed

29-03-2026T19:45:29 - [TEST_STEP][PASSED] - Start listener action : afterTestCase: Close app successfully

29-03-2026T19:45:29 - [TEST_STEP][PASSED] - logInfo([Listener] AFTER TEST CASE: $testCaseContext.getTestCaseId() | status=$testCaseContext.getTestCaseStatus()): [Listener] AFTER TEST CASE: Test Cases/Android/03-Events/Open and Validate Event SMC-30950 | status=PASSED

29-03-2026T19:45:29 - [MESSAGE][INFO] - [Listener] AFTER TEST CASE: Test Cases/Android/03-Events/Open and Validate Event SMC-30950 | status=PASSED

29-03-2026T19:45:29 - [TEST_STEP][PASSED] - logInfo("[Listener][OPTIONAL] Closing application after test case"): [Listener][OPTIONAL] Closing application after test case

29-03-2026T19:45:29 - [MESSAGE][INFO] - [Listener][OPTIONAL] Closing application after test case

29-03-2026T19:45:29 - [TEST_STEP][PASSED] - closeApplication(OPTIONAL): Close app successfully

29-03-2026T19:45:30 - [MESSAGE][PASSED] - Close app successfully]]></system-out>
         <system-err><![CDATA[]]></system-err>
      </testcase>
      <system-out><![CDATA[29-03-2026T19:39:35 - [TEST_SUITE][PASSED] - Northstar Validation TS 1: null

29-03-2026T19:45:30 - [TEST_STEP][PASSED] - Start listener action : afterTestSuite: Unable to close app (Root cause: com.kms.katalon.core.exception.StepFailedException: Unable to close app
	at com.kms.katalon.core.mobile.keyword.internal.MobileKeywordMain.stepFailed(MobileKeywordMain.groovy:65)
	at com.kms.katalon.core.mobile.keyword.internal.MobileKeywordMain.runKeyword(MobileKeywordMain.groovy:34)
	at com.kms.katalon.core.mobile.keyword.builtin.CloseApplicationKeyword.closeApplication(CloseApplicationKeyword.groovy:40)
	at com.kms.katalon.core.mobile.keyword.builtin.CloseApplicationKeyword.execute(CloseApplicationKeyword.groovy:35)
	at com.kms.katalon.core.keyword.internal.KeywordExecutor.executeKeywordForPlatform(KeywordExecutor.groovy:90)
	at com.kms.katalon.core.mobile.keyword.MobileBuiltInKeywords.closeApplication(MobileBuiltInKeywords.groovy:96)
	at CloseMobileApplication.afterTestSuite(CloseMobileApplication.groovy:41)
	at java.base/jdk.internal.reflect.NativeMethodAccessorImpl.invoke0(Native Method)
	at java.base/jdk.internal.reflect.NativeMethodAccessorImpl.invoke(NativeMethodAccessorImpl.java:77)
	at java.base/jdk.internal.reflect.DelegatingMethodAccessorImpl.invoke(DelegatingMethodAccessorImpl.java:43)
	at com.kms.katalon.core.context.internal.TestHooker.invokeMethod(TestHooker.java:111)
	at com.kms.katalon.core.context.internal.TestHooker.lambda$3(TestHooker.java:95)
	at com.kms.katalon.core.context.internal.TestHooker.invokeContextMethods(TestHooker.java:94)
	at com.kms.katalon.core.context.internal.TestListenerCollector.lambda$3(TestListenerCollector.java:88)
	at com.kms.katalon.core.context.internal.TestListenerCollector.handleListenerEvent(TestListenerCollector.java:85)
	at com.kms.katalon.core.context.internal.ExecutionEventManager.publicEvent(ExecutionEventManager.java:36)
	at com.kms.katalon.core.main.TestSuiteExecutor.executeListenerAfterTestSuite(TestSuiteExecutor.java:126)
	at com.kms.katalon.core.main.TestSuiteExecutor.execute(TestSuiteExecutor.java:114)
	at com.kms.katalon.core.main.TestCaseMain.startTestSuite(TestCaseMain.java:205)
	at TempTestSuite1774827573894.run(TempTestSuite1774827573894.groovy:35)
	at java.base/jdk.internal.reflect.NativeMethodAccessorImpl.invoke0(Native Method)
	at java.base/jdk.internal.reflect.NativeMethodAccessorImpl.invoke(NativeMethodAccessorImpl.java:77)
	at java.base/jdk.internal.reflect.DelegatingMethodAccessorImpl.invoke(DelegatingMethodAccessorImpl.java:43)
Caused by: com.kms.katalon.core.exception.StepFailedException: No driver found
	at java.base/jdk.internal.reflect.NativeConstructorAccessorImpl.newInstance0(Native Method)
	at java.base/jdk.internal.reflect.NativeConstructorAccessorImpl.newInstance(NativeConstructorAccessorImpl.java:77)
	at java.base/jdk.internal.reflect.DelegatingConstructorAccessorImpl.newInstance(DelegatingConstructorAccessorImpl.java:45)
	at com.kms.katalon.core.mobile.keyword.internal.MobileAbstractKeyword.getAnyAppiumDriver(MobileAbstractKeyword.groovy:39)
	at jdk.internal.reflect.GeneratedMethodAccessor7.invoke(Unknown Source)
	at java.base/jdk.internal.reflect.DelegatingMethodAccessorImpl.invoke(DelegatingMethodAccessorImpl.java:43)
	at com.kms.katalon.core.mobile.keyword.builtin.CloseApplicationKeyword$_closeApplication_closure1.doCall(CloseApplicationKeyword.groovy:41)
	at com.kms.katalon.core.mobile.keyword.builtin.CloseApplicationKeyword$_closeApplication_closure1.call(CloseApplicationKeyword.groovy)
	at com.kms.katalon.core.mobile.keyword.internal.MobileKeywordMain.runKeyword(MobileKeywordMain.groovy:30)
	... 21 more
)

29-03-2026T19:45:30 - [TEST_STEP][PASSED] - logInfo([Listener] AFTER TEST SUITE: $testSuiteContext.getTestSuiteId()): [Listener] AFTER TEST SUITE: Test Suites/Northstar Validation TS 1

29-03-2026T19:45:30 - [MESSAGE][INFO] - [Listener] AFTER TEST SUITE: Test Suites/Northstar Validation TS 1

29-03-2026T19:45:30 - [TEST_STEP][PASSED] - logInfo("[Listener][OPTIONAL] Closing application after test suite"): [Listener][OPTIONAL] Closing application after test suite

29-03-2026T19:45:30 - [MESSAGE][INFO] - [Listener][OPTIONAL] Closing application after test suite

29-03-2026T19:45:30 - [TEST_STEP][WARNING] - closeApplication(OPTIONAL): Unable to close app (Root cause: com.kms.katalon.core.exception.StepFailedException: Unable to close app
	at com.kms.katalon.core.mobile.keyword.internal.MobileKeywordMain.stepFailed(MobileKeywordMain.groovy:65)
	at com.kms.katalon.core.mobile.keyword.internal.MobileKeywordMain.runKeyword(MobileKeywordMain.groovy:34)
	at com.kms.katalon.core.mobile.keyword.builtin.CloseApplicationKeyword.closeApplication(CloseApplicationKeyword.groovy:40)
	at com.kms.katalon.core.mobile.keyword.builtin.CloseApplicationKeyword.execute(CloseApplicationKeyword.groovy:35)
	at com.kms.katalon.core.keyword.internal.KeywordExecutor.executeKeywordForPlatform(KeywordExecutor.groovy:90)
	at com.kms.katalon.core.mobile.keyword.MobileBuiltInKeywords.closeApplication(MobileBuiltInKeywords.groovy:96)
	at CloseMobileApplication.afterTestSuite(CloseMobileApplication.groovy:41)
	at java.base/jdk.internal.reflect.NativeMethodAccessorImpl.invoke0(Native Method)
	at java.base/jdk.internal.reflect.NativeMethodAccessorImpl.invoke(NativeMethodAccessorImpl.java:77)
	at java.base/jdk.internal.reflect.DelegatingMethodAccessorImpl.invoke(DelegatingMethodAccessorImpl.java:43)
	at com.kms.katalon.core.context.internal.TestHooker.invokeMethod(TestHooker.java:111)
	at com.kms.katalon.core.context.internal.TestHooker.lambda$3(TestHooker.java:95)
	at com.kms.katalon.core.context.internal.TestHooker.invokeContextMethods(TestHooker.java:94)
	at com.kms.katalon.core.context.internal.TestListenerCollector.lambda$3(TestListenerCollector.java:88)
	at com.kms.katalon.core.context.internal.TestListenerCollector.handleListenerEvent(TestListenerCollector.java:85)
	at com.kms.katalon.core.context.internal.ExecutionEventManager.publicEvent(ExecutionEventManager.java:36)
	at com.kms.katalon.core.main.TestSuiteExecutor.executeListenerAfterTestSuite(TestSuiteExecutor.java:126)
	at com.kms.katalon.core.main.TestSuiteExecutor.execute(TestSuiteExecutor.java:114)
	at com.kms.katalon.core.main.TestCaseMain.startTestSuite(TestCaseMain.java:205)
	at TempTestSuite1774827573894.run(TempTestSuite1774827573894.groovy:35)
	at java.base/jdk.internal.reflect.NativeMethodAccessorImpl.invoke0(Native Method)
	at java.base/jdk.internal.reflect.NativeMethodAccessorImpl.invoke(NativeMethodAccessorImpl.java:77)
	at java.base/jdk.internal.reflect.DelegatingMethodAccessorImpl.invoke(DelegatingMethodAccessorImpl.java:43)
Caused by: com.kms.katalon.core.exception.StepFailedException: No driver found
	at java.base/jdk.internal.reflect.NativeConstructorAccessorImpl.newInstance0(Native Method)
	at java.base/jdk.internal.reflect.NativeConstructorAccessorImpl.newInstance(NativeConstructorAccessorImpl.java:77)
	at java.base/jdk.internal.reflect.DelegatingConstructorAccessorImpl.newInstance(DelegatingConstructorAccessorImpl.java:45)
	at com.kms.katalon.core.mobile.keyword.internal.MobileAbstractKeyword.getAnyAppiumDriver(MobileAbstractKeyword.groovy:39)
	at jdk.internal.reflect.GeneratedMethodAccessor7.invoke(Unknown Source)
	at java.base/jdk.internal.reflect.DelegatingMethodAccessorImpl.invoke(DelegatingMethodAccessorImpl.java:43)
	at com.kms.katalon.core.mobile.keyword.builtin.CloseApplicationKeyword$_closeApplication_closure1.doCall(CloseApplicationKeyword.groovy:41)
	at com.kms.katalon.core.mobile.keyword.builtin.CloseApplicationKeyword$_closeApplication_closure1.call(CloseApplicationKeyword.groovy)
	at com.kms.katalon.core.mobile.keyword.internal.MobileKeywordMain.runKeyword(MobileKeywordMain.groovy:30)
	... 21 more
)

29-03-2026T19:45:30 - [MESSAGE][WARNING] - Unable to close app (Root cause: com.kms.katalon.core.exception.StepFailedException: Unable to close app
	at com.kms.katalon.core.mobile.keyword.internal.MobileKeywordMain.stepFailed(MobileKeywordMain.groovy:65)
	at com.kms.katalon.core.mobile.keyword.internal.MobileKeywordMain.runKeyword(MobileKeywordMain.groovy:34)
	at com.kms.katalon.core.mobile.keyword.builtin.CloseApplicationKeyword.closeApplication(CloseApplicationKeyword.groovy:40)
	at com.kms.katalon.core.mobile.keyword.builtin.CloseApplicationKeyword.execute(CloseApplicationKeyword.groovy:35)
	at com.kms.katalon.core.keyword.internal.KeywordExecutor.executeKeywordForPlatform(KeywordExecutor.groovy:90)
	at com.kms.katalon.core.mobile.keyword.MobileBuiltInKeywords.closeApplication(MobileBuiltInKeywords.groovy:96)
	at CloseMobileApplication.afterTestSuite(CloseMobileApplication.groovy:41)
	at java.base/jdk.internal.reflect.NativeMethodAccessorImpl.invoke0(Native Method)
	at java.base/jdk.internal.reflect.NativeMethodAccessorImpl.invoke(NativeMethodAccessorImpl.java:77)
	at java.base/jdk.internal.reflect.DelegatingMethodAccessorImpl.invoke(DelegatingMethodAccessorImpl.java:43)
	at com.kms.katalon.core.context.internal.TestHooker.invokeMethod(TestHooker.java:111)
	at com.kms.katalon.core.context.internal.TestHooker.lambda$3(TestHooker.java:95)
	at com.kms.katalon.core.context.internal.TestHooker.invokeContextMethods(TestHooker.java:94)
	at com.kms.katalon.core.context.internal.TestListenerCollector.lambda$3(TestListenerCollector.java:88)
	at com.kms.katalon.core.context.internal.TestListenerCollector.handleListenerEvent(TestListenerCollector.java:85)
	at com.kms.katalon.core.context.internal.ExecutionEventManager.publicEvent(ExecutionEventManager.java:36)
	at com.kms.katalon.core.main.TestSuiteExecutor.executeListenerAfterTestSuite(TestSuiteExecutor.java:126)
	at com.kms.katalon.core.main.TestSuiteExecutor.execute(TestSuiteExecutor.java:114)
	at com.kms.katalon.core.main.TestCaseMain.startTestSuite(TestCaseMain.java:205)
	at TempTestSuite1774827573894.run(TempTestSuite1774827573894.groovy:35)
	at java.base/jdk.internal.reflect.NativeMethodAccessorImpl.invoke0(Native Method)
	at java.base/jdk.internal.reflect.NativeMethodAccessorImpl.invoke(NativeMethodAccessorImpl.java:77)
	at java.base/jdk.internal.reflect.DelegatingMethodAccessorImpl.invoke(DelegatingMethodAccessorImpl.java:43)
Caused by: com.kms.katalon.core.exception.StepFailedException: No driver found
	at java.base/jdk.internal.reflect.NativeConstructorAccessorImpl.newInstance0(Native Method)
	at java.base/jdk.internal.reflect.NativeConstructorAccessorImpl.newInstance(NativeConstructorAccessorImpl.java:77)
	at java.base/jdk.internal.reflect.DelegatingConstructorAccessorImpl.newInstance(DelegatingConstructorAccessorImpl.java:45)
	at com.kms.katalon.core.mobile.keyword.internal.MobileAbstractKeyword.getAnyAppiumDriver(MobileAbstractKeyword.groovy:39)
	at jdk.internal.reflect.GeneratedMethodAccessor7.invoke(Unknown Source)
	at java.base/jdk.internal.reflect.DelegatingMethodAccessorImpl.invoke(DelegatingMethodAccessorImpl.java:43)
	at com.kms.katalon.core.mobile.keyword.builtin.CloseApplicationKeyword$_closeApplication_closure1.doCall(CloseApplicationKeyword.groovy:41)
	at com.kms.katalon.core.mobile.keyword.builtin.CloseApplicationKeyword$_closeApplication_closure1.call(CloseApplicationKeyword.groovy)
	at com.kms.katalon.core.mobile.keyword.internal.MobileKeywordMain.runKeyword(MobileKeywordMain.groovy:30)
	... 21 more
)]]></system-out>
      <system-err><![CDATA[]]></system-err>
   </testsuite>
</testsuites>
